2019-02-16 02:00:35,521 luigi.scheduler[7184] INFO: No prior state file exists at /var/lib/luigi-server/state.pickle. Starting with empty state
2019-02-16 02:00:35,528 luigi.server[7184] INFO: Scheduler starting up
2019-02-16 02:00:41,364 luigi.scheduler[7340] INFO: No prior state file exists at /var/lib/luigi-server/state.pickle. Starting with empty state
2019-02-16 02:00:49,521 tornado.access[7184] INFO: 200 GET /api/add_task (::1) 2.38ms
2019-02-16 02:00:49,526 tornado.access[7184] INFO: 200 GET /api/add_worker (::1) 0.97ms
2019-02-16 02:00:49,530 tornado.access[7184] INFO: 200 GET /api/get_work (::1) 1.09ms
2019-02-16 02:00:49,537 tornado.access[7184] INFO: 200 GET /api/add_task (::1) 1.04ms
2019-02-16 02:00:49,542 tornado.access[7184] INFO: 200 GET /api/get_work (::1) 1.21ms
2019-02-16 02:03:41,018 tornado.access[7184] INFO: 200 GET /api/add_task (::1) 1.25ms
2019-02-16 02:03:41,024 tornado.access[7184] INFO: 200 GET /api/add_worker (::1) 2.24ms
2019-02-16 02:03:41,029 tornado.access[7184] INFO: 200 GET /api/get_work (::1) 1.58ms
2019-02-16 02:03:41,039 tornado.access[7184] INFO: 200 GET /api/add_task (::1) 1.85ms
2019-02-16 02:03:41,046 tornado.access[7184] INFO: 200 GET /api/get_work (::1) 1.58ms
2019-02-16 02:06:35,679 tornado.access[7184] INFO: 200 GET /api/add_task (::1) 1.25ms
2019-02-16 02:06:35,684 tornado.access[7184] INFO: 200 GET /api/add_worker (::1) 1.39ms
2019-02-16 02:06:35,690 tornado.access[7184] INFO: 200 GET /api/get_work (::1) 1.15ms
2019-02-16 02:06:39,128 tornado.access[7184] INFO: 200 GET /api/add_task (::1) 1.14ms
2019-02-16 02:06:39,132 tornado.access[7184] INFO: 200 GET /api/add_worker (::1) 0.96ms
2019-02-16 02:06:39,138 tornado.access[7184] INFO: 200 GET /api/get_work (::1) 1.43ms
2019-02-16 02:06:45,763 tornado.access[7184] INFO: 200 GET /api/add_task (::1) 1.08ms
2019-02-16 02:06:45,767 tornado.access[7184] INFO: 200 GET /api/add_worker (::1) 1.09ms
2019-02-16 02:06:45,774 tornado.access[7184] INFO: 200 GET /api/get_work (::1) 1.20ms
2019-02-16 02:07:22,345 tornado.access[7184] INFO: 200 GET /api/add_task (::1) 1.23ms
2019-02-16 02:07:22,350 tornado.access[7184] INFO: 200 GET /api/add_worker (::1) 1.30ms
2019-02-16 02:07:22,356 tornado.access[7184] INFO: 200 GET /api/get_work (::1) 1.23ms
2019-02-16 02:07:23,338 tornado.access[7184] INFO: 200 GET /api/ping (::1) 1.49ms
2019-02-16 02:07:24,347 tornado.access[7184] INFO: 200 GET /api/ping (::1) 1.37ms
2019-02-16 02:07:25,354 tornado.access[7184] INFO: 200 GET /api/ping (::1) 1.15ms
2019-02-16 02:07:26,359 tornado.access[7184] INFO: 200 GET /api/ping (::1) 1.05ms
2019-02-16 02:07:27,364 tornado.access[7184] INFO: 200 GET /api/ping (::1) 1.03ms
2019-02-16 02:07:28,373 tornado.access[7184] INFO: 200 GET /api/ping (::1) 1.30ms
2019-02-16 02:07:29,380 tornado.access[7184] INFO: 200 GET /api/ping (::1) 1.24ms
2019-02-16 02:07:30,388 tornado.access[7184] INFO: 200 GET /api/ping (::1) 1.34ms
2019-02-16 02:07:31,396 tornado.access[7184] INFO: 200 GET /api/ping (::1) 1.35ms
2019-02-16 02:07:32,405 tornado.access[7184] INFO: 200 GET /api/ping (::1) 1.35ms
2019-02-16 02:07:33,410 tornado.access[7184] INFO: 200 GET /api/ping (::1) 1.22ms
2019-02-16 02:07:34,417 tornado.access[7184] INFO: 200 GET /api/ping (::1) 1.18ms
2019-02-16 02:07:35,426 tornado.access[7184] INFO: 200 GET /api/ping (::1) 1.20ms
2019-02-16 02:07:36,435 tornado.access[7184] INFO: 200 GET /api/ping (::1) 1.71ms
2019-02-16 02:07:37,442 tornado.access[7184] INFO: 200 GET /api/ping (::1) 1.24ms
2019-02-16 02:07:38,446 tornado.access[7184] INFO: 200 GET /api/ping (::1) 1.04ms
2019-02-16 02:07:39,453 tornado.access[7184] INFO: 200 GET /api/ping (::1) 1.18ms
2019-02-16 02:07:40,461 tornado.access[7184] INFO: 200 GET /api/ping (::1) 1.20ms
2019-02-16 02:07:41,472 tornado.access[7184] INFO: 200 GET /api/ping (::1) 1.19ms
2019-02-16 02:07:42,481 tornado.access[7184] INFO: 200 GET /api/ping (::1) 1.20ms
2019-02-16 02:07:43,491 tornado.access[7184] INFO: 200 GET /api/ping (::1) 1.12ms
2019-02-16 02:07:44,496 tornado.access[7184] INFO: 200 GET /api/ping (::1) 1.65ms
2019-02-16 02:07:45,506 tornado.access[7184] INFO: 200 GET /api/ping (::1) 1.23ms
2019-02-16 02:07:46,512 tornado.access[7184] INFO: 200 GET /api/ping (::1) 1.04ms
2019-02-16 02:07:47,522 tornado.access[7184] INFO: 200 GET /api/ping (::1) 1.61ms
2019-02-16 02:07:48,531 tornado.access[7184] INFO: 200 GET /api/ping (::1) 1.05ms
2019-02-16 02:07:49,540 tornado.access[7184] INFO: 200 GET /api/ping (::1) 1.09ms
2019-02-16 02:07:50,550 tornado.access[7184] INFO: 200 GET /api/ping (::1) 1.08ms
2019-02-16 02:07:51,555 tornado.access[7184] INFO: 200 GET /api/ping (::1) 1.11ms
2019-02-16 02:07:52,561 tornado.access[7184] INFO: 200 GET /api/ping (::1) 0.90ms
2019-02-16 02:07:53,571 tornado.access[7184] INFO: 200 GET /api/ping (::1) 1.30ms
2019-02-16 02:07:54,578 tornado.access[7184] INFO: 200 GET /api/ping (::1) 1.22ms
2019-02-16 02:07:55,588 tornado.access[7184] INFO: 200 GET /api/ping (::1) 1.56ms
2019-02-16 02:07:56,596 tornado.access[7184] INFO: 200 GET /api/ping (::1) 1.22ms
2019-02-16 02:07:57,605 tornado.access[7184] INFO: 200 GET /api/ping (::1) 1.19ms
2019-02-16 02:07:58,612 tornado.access[7184] INFO: 200 GET /api/ping (::1) 1.01ms
2019-02-16 02:07:59,617 tornado.access[7184] INFO: 200 GET /api/ping (::1) 0.93ms
2019-02-16 02:08:00,627 tornado.access[7184] INFO: 200 GET /api/ping (::1) 1.05ms
2019-02-16 02:08:01,636 tornado.access[7184] INFO: 200 GET /api/ping (::1) 1.71ms
2019-02-16 02:08:02,643 tornado.access[7184] INFO: 200 GET /api/ping (::1) 1.21ms
2019-02-16 02:08:03,649 tornado.access[7184] INFO: 200 GET /api/ping (::1) 1.11ms
2019-02-16 02:08:04,656 tornado.access[7184] INFO: 200 GET /api/ping (::1) 1.04ms
2019-02-16 02:08:05,663 tornado.access[7184] INFO: 200 GET /api/ping (::1) 0.93ms
2019-02-16 02:08:06,671 tornado.access[7184] INFO: 200 GET /api/ping (::1) 1.34ms
2019-02-16 02:08:07,677 tornado.access[7184] INFO: 200 GET /api/ping (::1) 1.08ms
2019-02-16 02:08:08,684 tornado.access[7184] INFO: 200 GET /api/ping (::1) 1.60ms
2019-02-16 02:08:09,690 tornado.access[7184] INFO: 200 GET /api/ping (::1) 1.05ms
2019-02-16 02:08:10,695 tornado.access[7184] INFO: 200 GET /api/ping (::1) 1.02ms
2019-02-16 02:08:11,703 tornado.access[7184] INFO: 200 GET /api/ping (::1) 1.25ms
2019-02-16 02:08:12,711 tornado.access[7184] INFO: 200 GET /api/ping (::1) 1.01ms
2019-02-16 02:08:13,719 tornado.access[7184] INFO: 200 GET /api/ping (::1) 1.53ms
2019-02-16 02:08:14,724 tornado.access[7184] INFO: 200 GET /api/ping (::1) 1.13ms
2019-02-16 02:08:15,733 tornado.access[7184] INFO: 200 GET /api/ping (::1) 1.39ms
2019-02-16 02:08:16,742 tornado.access[7184] INFO: 200 GET /api/ping (::1) 1.15ms
2019-02-16 02:08:17,753 tornado.access[7184] INFO: 200 GET /api/ping (::1) 1.63ms
2019-02-16 02:08:18,762 tornado.access[7184] INFO: 200 GET /api/ping (::1) 1.01ms
2019-02-16 02:08:19,771 tornado.access[7184] INFO: 200 GET /api/ping (::1) 1.38ms
2019-02-16 02:08:20,780 tornado.access[7184] INFO: 200 GET /api/ping (::1) 0.93ms
2019-02-16 02:08:21,788 tornado.access[7184] INFO: 200 GET /api/ping (::1) 1.08ms
2019-02-16 02:08:22,796 tornado.access[7184] INFO: 200 GET /api/ping (::1) 1.25ms
2019-02-16 02:08:23,802 tornado.access[7184] INFO: 200 GET /api/ping (::1) 1.21ms
2019-02-16 02:08:24,811 tornado.access[7184] INFO: 200 GET /api/ping (::1) 1.20ms
2019-02-16 02:08:25,821 tornado.access[7184] INFO: 200 GET /api/ping (::1) 1.51ms
2019-02-16 02:08:26,831 tornado.access[7184] INFO: 200 GET /api/ping (::1) 1.20ms
2019-02-16 02:08:27,841 tornado.access[7184] INFO: 200 GET /api/ping (::1) 1.16ms
2019-02-16 02:08:28,847 tornado.access[7184] INFO: 200 GET /api/ping (::1) 1.20ms
2019-02-16 02:08:29,853 tornado.access[7184] INFO: 200 GET /api/ping (::1) 1.22ms
2019-02-16 02:08:30,859 tornado.access[7184] INFO: 200 GET /api/ping (::1) 1.04ms
2019-02-16 02:08:31,867 tornado.access[7184] INFO: 200 GET /api/ping (::1) 1.90ms
2019-02-16 02:08:32,877 tornado.access[7184] INFO: 200 GET /api/ping (::1) 1.21ms
2019-02-16 02:08:33,888 tornado.access[7184] INFO: 200 GET /api/ping (::1) 1.30ms
2019-02-16 02:08:34,899 tornado.access[7184] INFO: 200 GET /api/ping (::1) 1.20ms
2019-02-16 02:08:35,909 tornado.access[7184] INFO: 200 GET /api/ping (::1) 1.69ms
2019-02-16 02:08:36,915 tornado.access[7184] INFO: 200 GET /api/ping (::1) 1.22ms
2019-02-16 02:08:37,923 tornado.access[7184] INFO: 200 GET /api/ping (::1) 1.10ms
2019-02-16 02:08:38,933 tornado.access[7184] INFO: 200 GET /api/ping (::1) 1.20ms
2019-02-16 02:08:39,942 tornado.access[7184] INFO: 200 GET /api/ping (::1) 1.23ms
2019-02-16 02:08:40,950 tornado.access[7184] INFO: 200 GET /api/ping (::1) 1.21ms
2019-02-16 02:08:41,958 tornado.access[7184] INFO: 200 GET /api/ping (::1) 1.00ms
2019-02-16 02:08:42,963 tornado.access[7184] INFO: 200 GET /api/ping (::1) 1.20ms
2019-02-16 02:08:43,970 tornado.access[7184] INFO: 200 GET /api/ping (::1) 1.05ms
2019-02-16 02:08:44,978 tornado.access[7184] INFO: 200 GET /api/ping (::1) 1.21ms
2019-02-16 02:08:45,988 tornado.access[7184] INFO: 200 GET /api/ping (::1) 1.22ms
2019-02-16 02:08:46,998 tornado.access[7184] INFO: 200 GET /api/ping (::1) 1.23ms
2019-02-16 02:08:48,006 tornado.access[7184] INFO: 200 GET /api/ping (::1) 1.14ms
2019-02-16 02:08:49,012 tornado.access[7184] INFO: 200 GET /api/ping (::1) 1.22ms
2019-02-16 02:08:50,022 tornado.access[7184] INFO: 200 GET /api/ping (::1) 1.22ms
2019-02-16 02:08:51,027 tornado.access[7184] INFO: 200 GET /api/ping (::1) 1.21ms
2019-02-16 02:08:52,037 tornado.access[7184] INFO: 200 GET /api/ping (::1) 1.37ms
2019-02-16 02:08:53,047 tornado.access[7184] INFO: 200 GET /api/ping (::1) 1.31ms
2019-02-16 02:08:54,057 tornado.access[7184] INFO: 200 GET /api/ping (::1) 1.54ms
2019-02-16 02:08:55,066 tornado.access[7184] INFO: 200 GET /api/ping (::1) 1.06ms
2019-02-16 02:08:56,072 tornado.access[7184] INFO: 200 GET /api/ping (::1) 1.20ms
2019-02-16 02:08:57,083 tornado.access[7184] INFO: 200 GET /api/ping (::1) 1.43ms
2019-02-16 02:08:58,092 tornado.access[7184] INFO: 200 GET /api/ping (::1) 1.20ms
2019-02-16 02:08:59,098 tornado.access[7184] INFO: 200 GET /api/ping (::1) 1.28ms
2019-02-16 02:09:00,105 tornado.access[7184] INFO: 200 GET /api/ping (::1) 1.09ms
2019-02-16 02:09:01,114 tornado.access[7184] INFO: 200 GET /api/ping (::1) 1.32ms
2019-02-16 02:09:02,123 tornado.access[7184] INFO: 200 GET /api/ping (::1) 1.25ms
2019-02-16 02:09:03,133 tornado.access[7184] INFO: 200 GET /api/ping (::1) 1.36ms
2019-02-16 02:09:04,143 tornado.access[7184] INFO: 200 GET /api/ping (::1) 1.20ms
2019-02-16 02:09:05,154 tornado.access[7184] INFO: 200 GET /api/ping (::1) 1.21ms
2019-02-16 02:09:06,159 tornado.access[7184] INFO: 200 GET /api/ping (::1) 1.14ms
2019-02-16 02:09:07,164 tornado.access[7184] INFO: 200 GET /api/ping (::1) 1.22ms
2019-02-16 02:09:08,174 tornado.access[7184] INFO: 200 GET /api/ping (::1) 1.19ms
2019-02-16 02:09:09,183 tornado.access[7184] INFO: 200 GET /api/ping (::1) 1.21ms
2019-02-16 02:09:10,188 tornado.access[7184] INFO: 200 GET /api/ping (::1) 1.14ms
2019-02-16 02:09:11,193 tornado.access[7184] INFO: 200 GET /api/ping (::1) 1.21ms
2019-02-16 02:09:12,202 tornado.access[7184] INFO: 200 GET /api/ping (::1) 1.03ms
2019-02-16 02:09:13,210 tornado.access[7184] INFO: 200 GET /api/ping (::1) 1.18ms
2019-02-16 02:09:14,218 tornado.access[7184] INFO: 200 GET /api/ping (::1) 1.21ms
2019-02-16 02:09:15,226 tornado.access[7184] INFO: 200 GET /api/ping (::1) 1.20ms
2019-02-16 02:09:16,231 tornado.access[7184] INFO: 200 GET /api/ping (::1) 1.18ms
2019-02-16 02:09:17,235 tornado.access[7184] INFO: 200 GET /api/ping (::1) 1.05ms
2019-02-16 02:09:18,242 tornado.access[7184] INFO: 200 GET /api/ping (::1) 1.23ms
2019-02-16 02:09:19,253 tornado.access[7184] INFO: 200 GET /api/ping (::1) 1.21ms
2019-02-16 02:09:20,260 tornado.access[7184] INFO: 200 GET /api/ping (::1) 1.22ms
2019-02-16 02:09:21,271 tornado.access[7184] INFO: 200 GET /api/ping (::1) 1.22ms
2019-02-16 02:09:22,281 tornado.access[7184] INFO: 200 GET /api/ping (::1) 1.19ms
2019-02-16 02:09:23,287 tornado.access[7184] INFO: 200 GET /api/ping (::1) 1.22ms
2019-02-16 02:09:24,298 tornado.access[7184] INFO: 200 GET /api/ping (::1) 1.21ms
2019-02-16 02:09:25,308 tornado.access[7184] INFO: 200 GET /api/ping (::1) 1.20ms
2019-02-16 02:09:26,317 tornado.access[7184] INFO: 200 GET /api/ping (::1) 1.38ms
2019-02-16 02:09:27,322 tornado.access[7184] INFO: 200 GET /api/ping (::1) 1.13ms
2019-02-16 02:09:28,332 tornado.access[7184] INFO: 200 GET /api/ping (::1) 1.21ms
2019-02-16 02:09:29,339 tornado.access[7184] INFO: 200 GET /api/ping (::1) 1.21ms
2019-02-16 02:09:30,349 tornado.access[7184] INFO: 200 GET /api/ping (::1) 1.22ms
2019-02-16 02:09:31,359 tornado.access[7184] INFO: 200 GET /api/ping (::1) 1.43ms
2019-02-16 02:09:32,370 tornado.access[7184] INFO: 200 GET /api/ping (::1) 1.22ms
2019-02-16 02:09:33,378 tornado.access[7184] INFO: 200 GET /api/ping (::1) 1.69ms
2019-02-16 02:09:34,385 tornado.access[7184] INFO: 200 GET /api/ping (::1) 1.25ms
2019-02-16 02:09:35,391 tornado.access[7184] INFO: 200 GET /api/ping (::1) 1.21ms
2019-02-16 02:09:36,397 tornado.access[7184] INFO: 200 GET /api/ping (::1) 1.22ms
2019-02-16 02:09:37,408 tornado.access[7184] INFO: 200 GET /api/ping (::1) 1.21ms
2019-02-16 02:09:38,418 tornado.access[7184] INFO: 200 GET /api/ping (::1) 1.22ms
2019-02-16 02:09:39,429 tornado.access[7184] INFO: 200 GET /api/ping (::1) 1.14ms
2019-02-16 02:09:40,438 tornado.access[7184] INFO: 200 GET /api/ping (::1) 1.24ms
2019-02-16 02:09:41,447 tornado.access[7184] INFO: 200 GET /api/ping (::1) 1.00ms
2019-02-16 02:09:42,453 tornado.access[7184] INFO: 200 GET /api/ping (::1) 1.21ms
2019-02-16 02:09:43,459 tornado.access[7184] INFO: 200 GET /api/ping (::1) 1.29ms
2019-02-16 02:09:44,467 tornado.access[7184] INFO: 200 GET /api/ping (::1) 1.19ms
2019-02-16 02:09:45,477 tornado.access[7184] INFO: 200 GET /api/ping (::1) 1.22ms
2019-02-16 02:09:46,488 tornado.access[7184] INFO: 200 GET /api/ping (::1) 1.37ms
2019-02-16 02:09:47,498 tornado.access[7184] INFO: 200 GET /api/ping (::1) 1.22ms
2019-02-16 02:09:48,507 tornado.access[7184] INFO: 200 GET /api/ping (::1) 1.21ms
2019-02-16 02:09:49,518 tornado.access[7184] INFO: 200 GET /api/ping (::1) 1.20ms
2019-02-16 02:09:50,527 tornado.access[7184] INFO: 200 GET /api/ping (::1) 1.22ms
2019-02-16 02:09:51,538 tornado.access[7184] INFO: 200 GET /api/ping (::1) 1.31ms
2019-02-16 02:09:52,547 tornado.access[7184] INFO: 200 GET /api/ping (::1) 1.08ms
2019-02-16 02:09:53,553 tornado.access[7184] INFO: 200 GET /api/ping (::1) 1.33ms
2019-02-16 02:09:54,564 tornado.access[7184] INFO: 200 GET /api/ping (::1) 1.35ms
2019-02-16 02:09:55,574 tornado.access[7184] INFO: 200 GET /api/ping (::1) 1.56ms
2019-02-16 02:09:56,585 tornado.access[7184] INFO: 200 GET /api/ping (::1) 1.22ms
2019-02-16 02:09:57,595 tornado.access[7184] INFO: 200 GET /api/ping (::1) 1.71ms
2019-02-16 02:09:58,603 tornado.access[7184] INFO: 200 GET /api/ping (::1) 1.20ms
2019-02-16 02:09:59,610 tornado.access[7184] INFO: 200 GET /api/ping (::1) 1.11ms
2019-02-16 02:10:00,620 tornado.access[7184] INFO: 200 GET /api/ping (::1) 1.19ms
2019-02-16 02:10:01,625 tornado.access[7184] INFO: 200 GET /api/ping (::1) 1.15ms
2019-02-16 02:10:02,633 tornado.access[7184] INFO: 200 GET /api/ping (::1) 1.22ms
2019-02-16 02:10:03,642 tornado.access[7184] INFO: 200 GET /api/ping (::1) 1.41ms
2019-02-16 02:10:04,650 tornado.access[7184] INFO: 200 GET /api/ping (::1) 1.22ms
2019-02-16 02:10:05,660 tornado.access[7184] INFO: 200 GET /api/ping (::1) 1.22ms
2019-02-16 02:10:06,665 tornado.access[7184] INFO: 200 GET /api/ping (::1) 1.14ms
2019-02-16 02:10:07,673 tornado.access[7184] INFO: 200 GET /api/ping (::1) 1.34ms
2019-02-16 02:10:08,682 tornado.access[7184] INFO: 200 GET /api/ping (::1) 1.20ms
2019-02-16 02:10:09,688 tornado.access[7184] INFO: 200 GET /api/ping (::1) 1.28ms
2019-02-16 02:10:10,694 tornado.access[7184] INFO: 200 GET /api/ping (::1) 1.06ms
2019-02-16 02:10:11,703 tornado.access[7184] INFO: 200 GET /api/ping (::1) 1.12ms
2019-02-16 02:10:12,711 tornado.access[7184] INFO: 200 GET /api/ping (::1) 1.23ms
2019-02-16 02:10:13,720 tornado.access[7184] INFO: 200 GET /api/ping (::1) 1.15ms
2019-02-16 02:10:14,728 tornado.access[7184] INFO: 200 GET /api/ping (::1) 1.22ms
2019-02-16 02:10:15,737 tornado.access[7184] INFO: 200 GET /api/ping (::1) 1.45ms
2019-02-16 02:10:16,744 tornado.access[7184] INFO: 200 GET /api/ping (::1) 1.22ms
2019-02-16 02:10:17,753 tornado.access[7184] INFO: 200 GET /api/ping (::1) 1.22ms
2019-02-16 02:10:18,762 tornado.access[7184] INFO: 200 GET /api/ping (::1) 1.06ms
2019-02-16 02:10:19,772 tornado.access[7184] INFO: 200 GET /api/ping (::1) 1.09ms
2019-02-16 02:10:20,778 tornado.access[7184] INFO: 200 GET /api/ping (::1) 1.29ms
2019-02-16 02:10:21,789 tornado.access[7184] INFO: 200 GET /api/ping (::1) 1.22ms
2019-02-16 02:10:22,795 tornado.access[7184] INFO: 200 GET /api/ping (::1) 1.22ms
2019-02-16 02:10:23,802 tornado.access[7184] INFO: 200 GET /api/ping (::1) 1.21ms
2019-02-16 02:10:24,808 tornado.access[7184] INFO: 200 GET /api/ping (::1) 1.25ms
2019-02-16 02:10:25,814 tornado.access[7184] INFO: 200 GET /api/ping (::1) 1.21ms
2019-02-16 02:10:26,821 tornado.access[7184] INFO: 200 GET /api/ping (::1) 1.15ms
2019-02-16 02:10:27,829 tornado.access[7184] INFO: 200 GET /api/ping (::1) 1.03ms
2019-02-16 02:10:28,834 tornado.access[7184] INFO: 200 GET /api/ping (::1) 1.04ms
2019-02-16 02:10:29,842 tornado.access[7184] INFO: 200 GET /api/ping (::1) 1.22ms
2019-02-16 02:10:30,852 tornado.access[7184] INFO: 200 GET /api/ping (::1) 1.24ms
2019-02-16 02:10:31,862 tornado.access[7184] INFO: 200 GET /api/ping (::1) 1.21ms
2019-02-16 02:10:32,868 tornado.access[7184] INFO: 200 GET /api/ping (::1) 1.03ms
2019-02-16 02:10:33,877 tornado.access[7184] INFO: 200 GET /api/ping (::1) 1.83ms
2019-02-16 02:10:34,882 tornado.access[7184] INFO: 200 GET /api/ping (::1) 1.50ms
2019-02-16 02:10:35,891 tornado.access[7184] INFO: 200 GET /api/ping (::1) 1.09ms
2019-02-16 02:10:36,898 tornado.access[7184] INFO: 200 GET /api/ping (::1) 1.41ms
2019-02-16 02:10:37,908 tornado.access[7184] INFO: 200 GET /api/ping (::1) 1.25ms
2019-02-16 02:10:38,916 tornado.access[7184] INFO: 200 GET /api/ping (::1) 0.98ms
2019-02-16 02:10:39,924 tornado.access[7184] INFO: 200 GET /api/ping (::1) 1.41ms
2019-02-16 02:10:40,931 tornado.access[7184] INFO: 200 GET /api/ping (::1) 1.35ms
2019-02-16 02:10:41,939 tornado.access[7184] INFO: 200 GET /api/ping (::1) 1.01ms
2019-02-16 02:10:42,370 tornado.access[7184] INFO: 200 GET /api/add_task (::1) 1.28ms
2019-02-16 02:10:42,374 tornado.access[7184] INFO: 200 GET /api/get_work (::1) 0.94ms
2019-02-16 02:14:42,023 tornado.access[7184] INFO: 200 GET /api/add_task (::1) 1.13ms
2019-02-16 02:14:42,029 tornado.access[7184] INFO: 200 GET /api/add_worker (::1) 1.04ms
2019-02-16 02:14:42,033 tornado.access[7184] INFO: 200 GET /api/get_work (::1) 1.08ms
2019-02-16 02:14:46,988 tornado.access[7184] INFO: 200 GET /api/add_task (::1) 0.98ms
2019-02-16 02:14:46,993 tornado.access[7184] INFO: 200 GET /api/add_worker (::1) 0.90ms
2019-02-16 02:14:46,997 tornado.access[7184] INFO: 200 GET /api/get_work (::1) 0.99ms
2019-02-16 02:15:07,463 tornado.access[7184] INFO: 200 GET /api/add_task (::1) 1.23ms
2019-02-16 02:15:07,470 tornado.access[7184] INFO: 200 GET /api/add_worker (::1) 1.02ms
2019-02-16 02:15:07,474 tornado.access[7184] INFO: 200 GET /api/get_work (::1) 1.06ms
2019-02-16 02:15:08,455 tornado.access[7184] INFO: 200 GET /api/ping (::1) 1.45ms
2019-02-16 02:15:09,464 tornado.access[7184] INFO: 200 GET /api/ping (::1) 1.21ms
2019-02-16 02:15:10,474 tornado.access[7184] INFO: 200 GET /api/ping (::1) 1.32ms
2019-02-16 02:15:11,483 tornado.access[7184] INFO: 200 GET /api/ping (::1) 1.19ms
2019-02-16 02:15:12,492 tornado.access[7184] INFO: 200 GET /api/ping (::1) 1.60ms
2019-02-16 02:15:13,500 tornado.access[7184] INFO: 200 GET /api/ping (::1) 1.71ms
2019-02-16 02:15:14,504 tornado.access[7184] INFO: 200 GET /api/ping (::1) 1.01ms
2019-02-16 02:15:15,510 tornado.access[7184] INFO: 200 GET /api/ping (::1) 1.46ms
2019-02-16 02:15:16,515 tornado.access[7184] INFO: 200 GET /api/ping (::1) 1.36ms
2019-02-16 02:15:17,523 tornado.access[7184] INFO: 200 GET /api/ping (::1) 1.10ms
2019-02-16 02:15:18,530 tornado.access[7184] INFO: 200 GET /api/ping (::1) 1.30ms
2019-02-16 02:15:19,538 tornado.access[7184] INFO: 200 GET /api/ping (::1) 1.59ms
2019-02-16 02:15:20,543 tornado.access[7184] INFO: 200 GET /api/ping (::1) 1.20ms
2019-02-16 02:15:21,553 tornado.access[7184] INFO: 200 GET /api/ping (::1) 1.38ms
2019-02-16 02:15:22,562 tornado.access[7184] INFO: 200 GET /api/ping (::1) 1.03ms
2019-02-16 02:15:23,572 tornado.access[7184] INFO: 200 GET /api/ping (::1) 1.10ms
2019-02-16 02:15:24,582 tornado.access[7184] INFO: 200 GET /api/ping (::1) 1.17ms
2019-02-16 02:15:25,591 tornado.access[7184] INFO: 200 GET /api/ping (::1) 1.32ms
2019-02-16 02:15:26,601 tornado.access[7184] INFO: 200 GET /api/ping (::1) 1.53ms
2019-02-16 02:15:27,610 tornado.access[7184] INFO: 200 GET /api/ping (::1) 1.06ms
2019-02-16 02:15:28,618 tornado.access[7184] INFO: 200 GET /api/ping (::1) 1.05ms
2019-02-16 02:15:29,625 tornado.access[7184] INFO: 200 GET /api/ping (::1) 1.06ms
2019-02-16 02:15:30,637 tornado.access[7184] INFO: 200 GET /api/ping (::1) 1.67ms
2019-02-16 02:15:31,644 tornado.access[7184] INFO: 200 GET /api/ping (::1) 1.06ms
2019-02-16 02:15:32,650 tornado.access[7184] INFO: 200 GET /api/ping (::1) 1.26ms
2019-02-16 02:15:33,660 tornado.access[7184] INFO: 200 GET /api/ping (::1) 1.64ms
2019-02-16 02:15:34,671 tornado.access[7184] INFO: 200 GET /api/ping (::1) 1.36ms
2019-02-16 02:15:35,681 tornado.access[7184] INFO: 200 GET /api/ping (::1) 1.63ms
2019-02-16 02:15:36,689 tornado.access[7184] INFO: 200 GET /api/ping (::1) 1.04ms
2019-02-16 02:15:37,488 tornado.access[7184] INFO: 200 GET /api/add_task (::1) 2.00ms
2019-02-16 02:15:37,493 tornado.access[7184] INFO: 200 GET /api/get_work (::1) 1.40ms
2019-02-16 02:15:56,729 tornado.access[7184] INFO: 200 GET /api/add_task (::1) 1.71ms
2019-02-16 02:15:56,740 tornado.access[7184] INFO: 200 GET /api/add_worker (::1) 1.55ms
2019-02-16 02:15:56,746 tornado.access[7184] INFO: 200 GET /api/get_work (::1) 1.56ms
2019-02-16 02:23:51,556 tornado.access[7184] INFO: 200 GET /api/add_task (::1) 1.74ms
2019-02-16 02:23:51,566 tornado.access[7184] INFO: 200 GET /api/add_worker (::1) 2.30ms
2019-02-16 02:23:51,572 tornado.access[7184] INFO: 200 GET /api/get_work (::1) 1.67ms
2019-02-16 02:23:51,587 tornado.access[7184] INFO: 200 GET /api/add_task (::1) 1.86ms
2019-02-16 02:23:51,594 tornado.access[7184] INFO: 200 GET /api/get_work (::1) 1.78ms
2019-02-16 02:24:05,965 tornado.access[7184] INFO: 200 GET /api/add_task (::1) 1.90ms
2019-02-16 02:24:05,974 tornado.access[7184] INFO: 200 GET /api/add_worker (::1) 1.51ms
2019-02-16 02:24:05,981 tornado.access[7184] INFO: 200 GET /api/get_work (::1) 1.82ms
2019-02-16 02:24:05,998 tornado.access[7184] INFO: 200 GET /api/add_task (::1) 2.35ms
2019-02-16 02:24:06,005 tornado.access[7184] INFO: 200 GET /api/get_work (::1) 1.96ms
2019-02-16 02:24:22,309 tornado.access[7184] INFO: 200 GET /api/add_task (::1) 1.73ms
2019-02-16 02:24:22,318 tornado.access[7184] INFO: 200 GET /api/add_worker (::1) 1.55ms
2019-02-16 02:24:22,324 tornado.access[7184] INFO: 200 GET /api/get_work (::1) 1.61ms
2019-02-16 02:24:22,339 tornado.access[7184] INFO: 200 GET /api/add_task (::1) 2.43ms
2019-02-16 02:24:22,346 tornado.access[7184] INFO: 200 GET /api/get_work (::1) 1.69ms
2019-02-16 02:24:39,178 tornado.access[7184] INFO: 200 GET /api/add_task (::1) 1.72ms
2019-02-16 02:24:39,189 tornado.access[7184] INFO: 200 GET /api/add_worker (::1) 1.52ms
2019-02-16 02:24:39,195 tornado.access[7184] INFO: 200 GET /api/get_work (::1) 1.64ms
2019-02-16 02:24:39,209 tornado.access[7184] INFO: 200 GET /api/add_task (::1) 3.76ms
2019-02-16 02:24:39,217 tornado.access[7184] INFO: 200 GET /api/get_work (::1) 1.99ms
2019-02-16 02:27:35,529 luigi.scheduler[7184] INFO: Removing task u'HelloTask__99914b932b'
2019-02-16 02:28:35,528 luigi.scheduler[7184] INFO: Removing task u'WorldTask__99914b932b'
2019-02-16 02:36:35,529 luigi.scheduler[7184] INFO: Removing task u'HelloWorldTask__99914b932b'
2019-02-16 12:28:12,953 tornado.access[7184] INFO: 200 GET /api/add_task (::1) 5.68ms
2019-02-16 12:28:12,958 tornado.access[7184] INFO: 200 GET /api/add_worker (::1) 1.05ms
2019-02-16 12:28:12,963 tornado.access[7184] INFO: 200 GET /api/get_work (::1) 1.09ms
2019-02-16 12:28:19,246 tornado.access[7184] INFO: 200 GET /static/visualiser/index.html (::1) 14.21ms
2019-02-16 12:28:19,299 tornado.access[7184] INFO: 200 GET /static/visualiser/lib/jquery-1.10.0.min.js (::1) 13.17ms
2019-02-16 12:28:19,304 tornado.access[7184] INFO: 304 GET /static/visualiser/css/luigi.css (::1) 1.97ms
2019-02-16 12:28:19,315 tornado.access[7184] INFO: 200 GET /static/visualiser/lib/bootstrap3/js/bootstrap.min.js (::1) 4.90ms
2019-02-16 12:28:19,324 tornado.access[7184] INFO: 200 GET /static/visualiser/lib/AdminLTE/css/AdminLTE.min.css (::1) 5.74ms
2019-02-16 12:28:19,330 tornado.access[7184] INFO: 200 GET /static/visualiser/css/font-awesome.min.css (::1) 3.29ms
2019-02-16 12:28:19,339 tornado.access[7184] INFO: 200 GET /static/visualiser/lib/bootstrap3/css/bootstrap.min.css (::1) 6.53ms
2019-02-16 12:28:19,343 tornado.access[7184] INFO: 304 GET /static/visualiser/css/tipsy.css (::1) 1.23ms
2019-02-16 12:28:19,347 tornado.access[7184] INFO: 304 GET /static/visualiser/lib/datatables/css/jquery.dataTables.min.css (::1) 1.52ms
2019-02-16 12:28:19,351 tornado.access[7184] INFO: 304 GET /static/visualiser/lib/bootstrap-toggle/css/bootstrap-toggle.min.css (::1) 1.37ms
2019-02-16 12:28:19,355 tornado.access[7184] INFO: 304 GET /static/visualiser/lib/AdminLTE/css/skin-green-light.min.css (::1) 1.40ms
2019-02-16 12:28:19,360 tornado.access[7184] INFO: 304 GET /static/visualiser/lib/bootstrap3/css/bootstrap-theme.min.css (::1) 1.52ms
2019-02-16 12:28:19,370 tornado.access[7184] INFO: 200 GET /static/visualiser/lib/d3/dagre-d3.min.js (::1) 7.85ms
2019-02-16 12:28:19,374 tornado.access[7184] INFO: 304 GET /static/visualiser/lib/mustache.js (::1) 1.08ms
2019-02-16 12:28:19,377 tornado.access[7184] INFO: 304 GET /static/visualiser/js/luigi.js (::1) 1.10ms
2019-02-16 12:28:19,382 tornado.access[7184] INFO: 200 GET /static/visualiser/js/visualiserApp.js (::1) 2.82ms
2019-02-16 12:28:19,386 tornado.access[7184] INFO: 304 GET /static/visualiser/js/graph.js (::1) 1.03ms
2019-02-16 12:28:19,396 tornado.access[7184] INFO: 200 GET /static/visualiser/lib/d3/d3.min.js (::1) 8.59ms
2019-02-16 12:28:19,405 tornado.access[7184] INFO: 200 GET /static/visualiser/lib/datatables/js/jquery.dataTables.min.js (::1) 5.68ms
2019-02-16 12:28:19,410 tornado.access[7184] INFO: 200 GET /static/visualiser/lib/URI/1.18.2/URI.js (::1) 3.50ms
2019-02-16 12:28:19,414 tornado.access[7184] INFO: 304 GET /static/visualiser/js/tipsy.js (::1) 1.15ms
2019-02-16 12:28:19,420 tornado.access[7184] INFO: 304 GET /static/visualiser/lib/jquery.slimscroll.min.js (::1) 2.12ms
2019-02-16 12:28:19,425 tornado.access[7184] INFO: 304 GET /static/visualiser/lib/AdminLTE/js/app.min.js (::1) 1.93ms
2019-02-16 12:28:19,430 tornado.access[7184] INFO: 304 GET /static/visualiser/lib/bootstrap-toggle/js/bootstrap-toggle.min.js (::1) 1.36ms
2019-02-16 12:28:19,491 tornado.access[7184] INFO: 200 GET /static/visualiser/fonts/fontawesome-webfont.woff2?v=4.3.0 (::1) 2.55ms
2019-02-16 12:28:19,690 tornado.access[7184] INFO: 304 GET /api/is_pause_enabled?data=%7B%7D (::1) 1.18ms
2019-02-16 12:28:19,694 tornado.access[7184] INFO: 304 GET /api/resource_list?data=%7B%7D (::1) 1.03ms
2019-02-16 12:28:19,697 tornado.access[7184] INFO: 200 GET /api/worker_list?data=%7B%7D (::1) 1.57ms
2019-02-16 12:28:19,711 tornado.access[7184] INFO: 304 GET /static/visualiser/lib/datatables/images/sort_both.png (::1) 1.31ms
2019-02-16 12:28:19,725 tornado.access[7184] INFO: 304 GET /api/task_list?data=%7B%22status%22%3A%22RUNNING%22%2C%22upstream_status%22%3A%22%22%2C%22search%22%3A%22%22%7D (::1) 1.27ms
2019-02-16 12:28:19,729 tornado.access[7184] INFO: 304 GET /api/task_list?data=%7B%22status%22%3A%22BATCH_RUNNING%22%2C%22upstream_status%22%3A%22%22%2C%22search%22%3A%22%22%7D (::1) 0.94ms
2019-02-16 12:28:19,733 tornado.access[7184] INFO: 304 GET /api/task_list?data=%7B%22status%22%3A%22FAILED%22%2C%22upstream_status%22%3A%22%22%2C%22search%22%3A%22%22%7D (::1) 0.95ms
2019-02-16 12:28:19,736 tornado.access[7184] INFO: 304 GET /api/task_list?data=%7B%22status%22%3A%22PENDING%22%2C%22upstream_status%22%3A%22UPSTREAM_DISABLED%22%2C%22search%22%3A%22%22%7D (::1) 0.96ms
2019-02-16 12:28:19,740 tornado.access[7184] INFO: 304 GET /api/task_list?data=%7B%22status%22%3A%22DISABLED%22%2C%22upstream_status%22%3A%22%22%2C%22search%22%3A%22%22%7D (::1) 1.25ms
2019-02-16 12:28:19,743 tornado.access[7184] INFO: 304 GET /api/task_list?data=%7B%22status%22%3A%22PENDING%22%2C%22upstream_status%22%3A%22UPSTREAM_FAILED%22%2C%22search%22%3A%22%22%7D (::1) 0.98ms
2019-02-16 12:28:19,747 tornado.access[7184] INFO: 304 GET /api/task_list?data=%7B%22status%22%3A%22PENDING%22%2C%22upstream_status%22%3A%22%22%2C%22search%22%3A%22%22%7D (::1) 1.28ms
2019-02-16 12:28:19,751 tornado.access[7184] INFO: 200 GET /api/task_list?data=%7B%22status%22%3A%22DONE%22%2C%22upstream_status%22%3A%22%22%2C%22search%22%3A%22%22%7D (::1) 1.23ms
2019-02-16 12:28:19,766 tornado.access[7184] INFO: 304 GET /api/is_paused?data=%7B%7D (::1) 0.90ms
2019-02-16 12:28:19,851 tornado.access[7184] WARNING: 404 GET /favicon.ico (::1) 3.36ms
2019-02-16 12:31:00,245 tornado.access[7184] INFO: 200 GET /api/add_task (::1) 1.10ms
2019-02-16 12:31:00,249 tornado.access[7184] INFO: 200 GET /api/add_worker (::1) 1.06ms
2019-02-16 12:31:00,255 tornado.access[7184] INFO: 200 GET /api/get_work (::1) 1.14ms
2019-02-16 12:31:10,542 tornado.access[7184] INFO: 200 GET /api/add_task (::1) 1.16ms
2019-02-16 12:31:10,548 tornado.access[7184] INFO: 200 GET /api/add_task (::1) 1.09ms
2019-02-16 12:31:10,553 tornado.access[7184] INFO: 200 GET /api/add_task (::1) 1.36ms
2019-02-16 12:31:10,557 tornado.access[7184] INFO: 200 GET /api/add_worker (::1) 0.99ms
2019-02-16 12:31:10,562 tornado.access[7184] INFO: 200 GET /api/get_work (::1) 1.15ms
2019-02-16 12:31:10,572 tornado.access[7184] INFO: 200 GET /api/get_work (::1) 1.90ms
2019-02-16 12:31:11,534 tornado.access[7184] INFO: 200 GET /api/ping (::1) 0.85ms
2019-02-16 12:31:12,542 tornado.access[7184] INFO: 200 GET /api/ping (::1) 1.22ms
2019-02-16 12:31:13,549 tornado.access[7184] INFO: 200 GET /api/ping (::1) 1.21ms
2019-02-16 12:31:14,555 tornado.access[7184] INFO: 200 GET /api/ping (::1) 1.40ms
2019-02-16 12:31:15,565 tornado.access[7184] INFO: 200 GET /api/ping (::1) 1.33ms
2019-02-16 12:31:16,574 tornado.access[7184] INFO: 200 GET /api/ping (::1) 1.24ms
2019-02-16 12:31:17,581 tornado.access[7184] INFO: 200 GET /api/ping (::1) 1.33ms
2019-02-16 12:31:18,587 tornado.access[7184] INFO: 200 GET /api/ping (::1) 1.25ms
2019-02-16 12:31:19,597 tornado.access[7184] INFO: 200 GET /api/ping (::1) 1.22ms
2019-02-16 12:31:20,605 tornado.access[7184] INFO: 200 GET /api/ping (::1) 1.26ms
2019-02-16 12:31:21,611 tornado.access[7184] INFO: 200 GET /api/ping (::1) 1.20ms
2019-02-16 12:31:22,619 tornado.access[7184] INFO: 200 GET /api/ping (::1) 1.24ms
2019-02-16 12:31:23,625 tornado.access[7184] INFO: 200 GET /api/ping (::1) 1.08ms
2019-02-16 12:31:24,636 tornado.access[7184] INFO: 200 GET /api/ping (::1) 1.37ms
2019-02-16 12:31:25,646 tornado.access[7184] INFO: 200 GET /api/ping (::1) 1.50ms
2019-02-16 12:31:26,656 tornado.access[7184] INFO: 200 GET /api/ping (::1) 1.19ms
2019-02-16 12:31:27,664 tornado.access[7184] INFO: 200 GET /api/ping (::1) 1.39ms
2019-02-16 12:31:28,671 tornado.access[7184] INFO: 200 GET /api/ping (::1) 1.21ms
2019-02-16 12:31:29,677 tornado.access[7184] INFO: 200 GET /api/ping (::1) 1.24ms
2019-02-16 12:31:30,684 tornado.access[7184] INFO: 200 GET /api/ping (::1) 1.08ms
2019-02-16 12:31:44,372 tornado.access[7184] INFO: 200 GET /api/add_task (::1) 1.10ms
2019-02-16 12:31:44,378 tornado.access[7184] INFO: 200 GET /api/add_task (::1) 1.05ms
2019-02-16 12:31:44,382 tornado.access[7184] INFO: 200 GET /api/add_task (::1) 1.12ms
2019-02-16 12:31:44,386 tornado.access[7184] INFO: 200 GET /api/add_worker (::1) 0.92ms
2019-02-16 12:31:44,390 tornado.access[7184] INFO: 200 GET /api/get_work (::1) 1.14ms
2019-02-16 12:31:54,092 tornado.access[7184] INFO: 200 GET /api/add_task (::1) 1.07ms
2019-02-16 12:31:54,098 tornado.access[7184] INFO: 200 GET /api/add_task (::1) 1.13ms
2019-02-16 12:31:54,102 tornado.access[7184] INFO: 200 GET /api/add_task (::1) 1.17ms
2019-02-16 12:31:54,106 tornado.access[7184] INFO: 200 GET /api/add_worker (::1) 0.98ms
2019-02-16 12:31:54,110 tornado.access[7184] INFO: 200 GET /api/get_work (::1) 1.15ms
2019-02-16 12:32:35,528 luigi.scheduler[7184] INFO: Task u'WorldTask__99914b932b' is marked as running by disconnected worker u'Worker(salt=332430819, workers=2, host=LP-DMADHOK-OSX, username=dmadhok, pid=42320)' -> marking as FAILED with retry delay of 900.0s
2019-02-16 12:32:35,531 luigi.scheduler[7184] INFO: Task u'HelloTask__99914b932b' is marked as running by disconnected worker u'Worker(salt=332430819, workers=2, host=LP-DMADHOK-OSX, username=dmadhok, pid=42320)' -> marking as FAILED with retry delay of 900.0s
2019-02-16 12:43:35,529 luigi.scheduler[7184] INFO: Removing task u'WorldTask__99914b932b'
2019-02-16 12:43:35,537 luigi.scheduler[7184] INFO: Removing task u'HelloWorldTask__99914b932b'
2019-02-16 12:43:35,540 luigi.scheduler[7184] INFO: Removing task u'HelloTask__99914b932b'
2019-02-17 08:31:43,965 luigi.scheduler[63655] INFO: No prior state file exists at /var/lib/luigi-server/state.pickle. Starting with empty state
2019-02-17 08:32:15,910 luigi.scheduler[63834] INFO: No prior state file exists at /var/lib/luigi-server/state.pickle. Starting with empty state
2019-02-17 08:42:16,909 luigi.scheduler[65775] INFO: No prior state file exists at /var/lib/luigi-server/state.pickle. Starting with empty state
